0 info it worked if it ends with ok
1 verbose cli [ '/usr/local/bin/node',
1 verbose cli   '/usr/local/bin/npm',
1 verbose cli   'publish',
1 verbose cli   '--tag',
1 verbose cli   'beta' ]
2 info using npm@2.11.3
3 info using node@v0.12.7
4 verbose publish [ '.' ]
5 silly cache add args [ '.', null ]
6 verbose cache add spec .
7 silly cache add parsed spec { raw: '.',
7 silly cache add   scope: null,
7 silly cache add   name: null,
7 silly cache add   rawSpec: '.',
7 silly cache add   spec: '/home/sovathana/Desktop/Project/Quick-q/resources/views/frontend/lib/ngRolerr',
7 silly cache add   type: 'directory' }
8 verbose addLocalDirectory /home/sovathana/.npm/ngrolerr/0.0.1-beta.1/package.tgz not in flight; packing
9 verbose tar pack [ '/home/sovathana/.npm/ngrolerr/0.0.1-beta.1/package.tgz',
9 verbose tar pack   '/home/sovathana/Desktop/Project/Quick-q/resources/views/frontend/lib/ngRolerr' ]
10 verbose tarball /home/sovathana/.npm/ngrolerr/0.0.1-beta.1/package.tgz
11 verbose folder /home/sovathana/Desktop/Project/Quick-q/resources/views/frontend/lib/ngRolerr
12 info prepublish ngrolerr@0.0.1-beta.1
13 verbose addLocalTarball adding from inside cache /home/sovathana/.npm/ngrolerr/0.0.1-beta.1/package.tgz
14 silly cache afterAdd ngrolerr@0.0.1-beta.1
15 verbose afterAdd /home/sovathana/.npm/ngrolerr/0.0.1-beta.1/package/package.json not in flight; writing
16 verbose afterAdd /home/sovathana/.npm/ngrolerr/0.0.1-beta.1/package/package.json written
17 silly publish { name: 'ngrolerr',
17 silly publish   version: '0.0.1-beta.1',
17 silly publish   description: 'ngRolerr CRUD API Store in cookie and Roles managing for ui-route Angularjs (#*****Developing*****#)',
17 silly publish   main: 'index.js',
17 silly publish   scripts: { test: 'echo "Error: no test specified" && exit 1' },
17 silly publish   repository:
17 silly publish    { type: 'git',
17 silly publish      url: 'git+https://github.com/sophatvathana/ngrolerr.git' },
17 silly publish   author:
17 silly publish    { name: 'Phat Sovathana',
17 silly publish      email: 'sovathana.phat@gmail.com',
17 silly publish      url: 'http://twitter.com/sophatvathana' },
17 silly publish   license: 'MIT',
17 silly publish   bugs: { url: 'https://github.com/sophatvathana/ngrolerr/issues' },
17 silly publish   homepage: 'https://github.com/sophatvathana/ngrolerr#readme',
17 silly publish   maintainers: [ { name: 'sovathana', email: 'sovathana.phat@gmail.com' } ],
17 silly publish   devDependencies:
17 silly publish    { grunt: '^0.4.5',
17 silly publish      'grunt-contrib-concat': '^0.5.1',
17 silly publish      'grunt-contrib-jshint': '^0.11.3',
17 silly publish      'grunt-contrib-uglify': '^0.9.2',
17 silly publish      'grunt-karma': '^0.12.1',
17 silly publish      'jasmine-core': '^2.3.4',
17 silly publish      karma: '^0.13.9',
17 silly publish      'karma-chrome-launcher': '^0.2.0',
17 silly publish      'karma-jasmine': '^0.3.6',
17 silly publish      'karma-phantomjs-launcher': '^0.2.1',
17 silly publish      phantomjs: '^1.9.18' },
17 silly publish   readme: '# ngRolerr\n<h1> Developing mode </h1>\n',
17 silly publish   readmeFilename: 'README.md',
17 silly publish   gitHead: '7d7309cc6a6ed62252da70c20a31834d0afb1057',
17 silly publish   _id: 'ngrolerr@0.0.1-beta.1',
17 silly publish   _shasum: '0f53659fb4f508fb9dab7068a75ac5ef6c4b7c2a',
17 silly publish   _from: '.' }
18 verbose getPublishConfig undefined
19 silly mapToRegistry name ngrolerr
20 silly mapToRegistry using default registry
21 silly mapToRegistry registry https://registry.npmjs.org/
22 silly mapToRegistry uri https://registry.npmjs.org/ngrolerr
23 verbose publish registryBase https://registry.npmjs.org/
24 silly publish uploading /home/sovathana/.npm/ngrolerr/0.0.1-beta.1/package.tgz
25 verbose request uri https://registry.npmjs.org/ngrolerr
26 verbose request sending authorization for write operation
27 info attempt registry request try #1 at 11:44:03
28 verbose request using bearer token for auth
29 verbose request id 184bc7bbd2945b41
30 http request PUT https://registry.npmjs.org/ngrolerr
31 http 403 https://registry.npmjs.org/ngrolerr
32 verbose headers { 'content-type': 'application/json',
32 verbose headers   'cache-control': 'max-age=60',
32 verbose headers   'content-length': '100',
32 verbose headers   'accept-ranges': 'bytes',
32 verbose headers   date: 'Mon, 14 Sep 2015 04:44:06 GMT',
32 verbose headers   via: '1.1 varnish',
32 verbose headers   connection: 'keep-alive',
32 verbose headers   'x-served-by': 'cache-fra1229-FRA',
32 verbose headers   'x-cache': 'MISS',
32 verbose headers   'x-cache-hits': '0',
32 verbose headers   'x-timer': 'S1442205844.678667,VS0,VE2063' }
33 verbose request invalidating /home/sovathana/.npm/registry.npmjs.org/ngrolerr on PUT
34 error publish Failed PUT 403
35 verbose stack Error: You do not have permission to publish 'ngrolerr'. Are you logged in as the correct user? : ngrolerr
35 verbose stack     at CachingRegistryClient.<anonymous> (/usr/local/lib/node_modules/npm/node_modules/npm-registry-client/lib/request.js:247:14)
35 verbose stack     at Request._callback (/usr/local/lib/node_modules/npm/node_modules/npm-registry-client/lib/request.js:170:14)
35 verbose stack     at Request.self.callback (/usr/local/lib/node_modules/npm/node_modules/request/request.js:354:22)
35 verbose stack     at Request.emit (events.js:110:17)
35 verbose stack     at Request.<anonymous> (/usr/local/lib/node_modules/npm/node_modules/request/request.js:1207:14)
35 verbose stack     at Request.emit (events.js:129:20)
35 verbose stack     at IncomingMessage.<anonymous> (/usr/local/lib/node_modules/npm/node_modules/request/request.js:1153:12)
35 verbose stack     at IncomingMessage.emit (events.js:129:20)
35 verbose stack     at _stream_readable.js:908:16
35 verbose stack     at process._tickCallback (node.js:355:11)
36 verbose statusCode 403
37 verbose pkgid ngrolerr
38 verbose cwd /home/sovathana/Desktop/Project/Quick-q/resources/views/frontend/lib/ngRolerr
39 error Linux 3.19.0-28-generic
40 error argv "/usr/local/bin/node" "/usr/local/bin/npm" "publish" "--tag" "beta"
41 error node v0.12.7
42 error npm  v2.11.3
43 error code E403
44 error You do not have permission to publish 'ngrolerr'. Are you logged in as the correct user? : ngrolerr
45 error If you need help, you may report this error at:
45 error     <https://github.com/npm/npm/issues>
46 verbose exit [ 1, true ]
